[debug] [2022-09-15T07:18:43.814Z] ----------------------------------------------------------------------
[debug] [2022-09-15T07:18:43.816Z] Command:       C:\Program Files\nodejs\node.exe C:\Users\MI\AppData\Roaming\npm\node_modules\firebase-tools\lib\bin\firebase.js init
[debug] [2022-09-15T07:18:43.816Z] CLI Version:   11.9.0
[debug] [2022-09-15T07:18:43.816Z] Platform:      win32
[debug] [2022-09-15T07:18:43.816Z] Node Version:  v18.7.0
[debug] [2022-09-15T07:18:43.817Z] Time:          Thu Sep 15 2022 12:48:43 GMT+0530 (India Standard Time)
[debug] [2022-09-15T07:18:43.817Z] ----------------------------------------------------------------------
[debug] 
[debug] [2022-09-15T07:18:43.822Z] > command requires scopes: ["email","openid","https://www.googleapis.com/auth/cloudplatformprojects.readonly","https://www.googleapis.com/auth/firebase","https://www.googleapis.com/auth/cloud-platform"]
[debug] [2022-09-15T07:18:43.823Z] > authorizing via signed-in user (sreenathsrp256@gmail.com)
[info] 
     ######## #### ########  ######## ########     ###     ######  ########
     ##        ##  ##     ## ##       ##     ##  ##   ##  ##       ##
     ######    ##  ########  ######   ########  #########  ######  ######
     ##        ##  ##    ##  ##       ##     ## ##     ##       ## ##
     ##       #### ##     ## ######## ########  ##     ##  ######  ########

You're about to initialize a Firebase project in this directory:

  C:\Users\MI\Desktop\REACT\netflix\app

[info] 
=== Project Setup
[info] 
[info] First, let's associate this project directory with a Firebase project.
[info] You can create multiple project aliases by running firebase use --add, 
[info] but for now we'll just set up a default project.
[info] 
[debug] [2022-09-15T07:23:01.851Z] >>> [apiv2][query] GET https://firebase.googleapis.com/v1beta1/projects pageSize=100
[debug] [2022-09-15T07:23:02.939Z] <<< [apiv2][status] GET https://firebase.googleapis.com/v1beta1/projects 200
[debug] [2022-09-15T07:23:02.939Z] <<< [apiv2][body] GET https://firebase.googleapis.com/v1beta1/projects [omitted]
[info] i  Using project freewebsitehostingdemo-f2960 (FreeWebsiteHostingDemo) 
[info] 
=== Hosting Setup
[info] 
[info] Your public directory is the folder (relative to your project directory) that
[info] will contain Hosting assets to be uploaded with firebase deploy. If you
[info] have a build process for your assets, use your build's output directory.
[info] 
